#
# There is insufficient memory for the Java Runtime Environment to continue.
# Native memory allocation (mmap) failed to map 132120576 bytes for Failed to commit area from 0x0000000082600000 to 0x000000008a400000 of length 132120576.
# Possible reasons:
#   The system is out of physical RAM or swap space
#   The process is running with CompressedOops enabled, and the Java Heap may be blocking the growth of the native heap
# Possible solutions:
#   Reduce memory load on the system
#   Increase physical memory or swap space
#   Check if swap backing store is full
#   Decrease Java heap size (-Xmx/-Xms)
#   Decrease number of Java threads
#   Decrease Java thread stack sizes (-Xss)
#   Set larger code cache with -XX:ReservedCodeCacheSize=
# This output file may be truncated or incomplete.
#
#  Out of Memory Error (./src/hotspot/os/windows/os_windows.cpp:3619), pid=12264, tid=13204
#
# JRE version:  (11.0.13) (build )
# Java VM: OpenJDK 64-Bit Server VM (11.0.13+0-b1751.21-8125866, mixed mode, sharing, tiered, compressed oops, g1 gc, windows-amd64)
# No core dump will be written. Minidumps are not enabled by default on client versions of Windows
#

---------------  S U M M A R Y ------------

Command Line: git4idea.http.GitAskPassApp Username for 'https://github.com': 

Host: Intel(R) Core(TM) i5-9300H CPU @ 2.40GHz, 8 cores, 7G,  Windows 11 , 64 bit Build 22621 (10.0.22621.1344)
Time: Thu Mar 16 14:20:56 2023 West Asia Standard Time elapsed time: 0.025022 seconds (0d 0h 0m 0s)

---------------  T H R E A D  ---------------

Current thread (0x000001f22964c000):  JavaThread "Unknown thread" [_thread_in_vm, id=13204, stack(0x0000004308b00000,0x0000004308c00000)]

Stack: [0x0000004308b00000,0x0000004308c00000]
Native frames: (J=compiled Java code, j=interpreted, Vv=VM code, C=native code)
V  [jvm.dll+0x6100fa]
V  [jvm.dll+0x747090]
V  [jvm.dll+0x7486ad]
V  [jvm.dll+0x748d83]
V  [jvm.dll+0x24ab48]
V  [jvm.dll+0x60d164]
V  [jvm.dll+0x601e75]
V  [jvm.dll+0x308bdb]
V  [jvm.dll+0x308b4a]
V  [jvm.dll+0x308a22]
V  [jvm.dll+0x30d986]
V  [jvm.dll+0x357093]
V  [jvm.dll+0x357796]
V  [jvm.dll+0x357193]
V  [jvm.dll+0x2e3448]
V  [jvm.dll+0x2e45f7]
V  [jvm.dll+0x7242e7]
V  [jvm.dll+0x725adc]
V  [jvm.dll+0x364629]
V  [jvm.dll+0x707cee]
V  [jvm.dll+0x3d2633]
V  [jvm.dll+0x3d4a21]
C  [jli.dll+0x536b]
C  [ucrtbase.dll+0x29363]
C  [KERNEL32.DLL+0x126bd]
C  [ntdll.dll+0x5a9f8]


---------------  P R O C E S S  ---------------

Threads class SMR info:
_java_thread_list=0x000001f227518b80, length=0, elements={
}

Java Threads: ( => current thread )

Other Threads:
  0x000001f229664800 GCTaskThread "GC Thread#0" [stack: 0x0000004308c00000,0x0000004308d00000] [id=1096]
  0x000001f229695800 ConcurrentGCThread "G1 Main Marker" [stack: 0x0000004308d00000,0x0000004308e00000] [id=9916]
  0x000001f229697800 ConcurrentGCThread "G1 Conc#0" [stack: 0x0000004308e00000,0x0000004308f00000] [id=13240]

[error occurred during error reporting (printing all threads), id 0xc0000005, EXCEPTION_ACCESS_VIOLATION (0xc0000005) at pc=0x00007ffbd48b3dd7]

VM state:not at safepoint (not fully initialized)

VM Mutex/Monitor currently owned by a thread:  ([mutex/lock_event])
[0x000001f229648260] Heap_lock - owner thread: 0x000001f22964c000

Heap address: 0x0000000082600000, size: 2010 MB, Compressed Oops mode: Non-zero based: 0x0000000082600000
Narrow klass base: 0x0000000000000000, Narrow klass shift: 0

GC Heap History (0 events):
No events

Deoptimization events (0 events):
No events

Classes redefined (0 events):
No events

Internal exceptions (0 events):
No events

Events (1 events):
Event: 0.015 Loaded shared library C:\Program Files\Android\Android Studio\jre\bin\zip.dll


Dynamic libraries:
0x00007ff695090000 - 0x00007ff69509a000 	C:\Program Files\Android\Android Studio\jre\bin\java.exe
0x00007ffc67c70000 - 0x00007ffc67e84000 	C:\WINDOWS\SYSTEM32\ntdll.dll
0x00007ffc679d0000 - 0x00007ffc67a93000 	C:\WINDOWS\System32\KERNEL32.DLL
0x00007ffc65120000 - 0x00007ffc654bc000 	C:\WINDOWS\System32\KERNELBASE.dll
0x00007ffc65960000 - 0x00007ffc65a71000 	C:\WINDOWS\System32\ucrtbase.dll
0x00007ffc4ad70000 - 0x00007ffc4ad87000 	C:\Program Files\Android\Android Studio\jre\bin\VCRUNTIME140.dll
0x00007ffc47e40000 - 0x00007ffc47e59000 	C:\Program Files\Android\Android Studio\jre\bin\jli.dll
0x00007ffc65b40000 - 0x00007ffc65ced000 	C:\WINDOWS\System32\USER32.dll
0x00007ffc65630000 - 0x00007ffc65656000 	C:\WINDOWS\System32\win32u.dll
0x00007ffc67190000 - 0x00007ffc671b9000 	C:\WINDOWS\System32\GDI32.dll
0x00007ffc65700000 - 0x00007ffc65813000 	C:\WINDOWS\System32\gdi32full.dll
0x00007ffc482b0000 - 0x00007ffc4853e000 	C:\WINDOWS\WinSxS\amd64_microsoft.windows.common-controls_6595b64144ccf1df_6.0.22621.608_none_a9444ca7c10bb01d\COMCTL32.dll
0x00007ffc65660000 - 0x00007ffc656fa000 	C:\WINDOWS\System32\msvcp_win.dll
0x00007ffc66180000 - 0x00007ffc66227000 	C:\WINDOWS\System32\msvcrt.dll
0x00007ffc65a80000 - 0x00007ffc65ab1000 	C:\WINDOWS\System32\IMM32.DLL
0x00007ffc420e0000 - 0x00007ffc4217d000 	C:\Program Files\Android\Android Studio\jre\bin\msvcp140.dll
0x00007ffbd45c0000 - 0x00007ffbd50c2000 	C:\Program Files\Android\Android Studio\jre\bin\server\jvm.dll
0x00007ffc663e0000 - 0x00007ffc6648e000 	C:\WINDOWS\System32\ADVAPI32.dll
0x00007ffc665f0000 - 0x00007ffc66694000 	C:\WINDOWS\System32\sechost.dll
0x00007ffc666c0000 - 0x00007ffc667d5000 	C:\WINDOWS\System32\RPCRT4.dll
0x00007ffc679c0000 - 0x00007ffc679c8000 	C:\WINDOWS\System32\PSAPI.DLL
0x00007ffc2a0c0000 - 0x00007ffc2a0c9000 	C:\WINDOWS\SYSTEM32\WSOCK32.dll
0x00007ffc5d870000 - 0x00007ffc5d8a4000 	C:\WINDOWS\SYSTEM32\WINMM.dll
0x00007ffc5c780000 - 0x00007ffc5c78a000 	C:\WINDOWS\SYSTEM32\VERSION.dll
0x00007ffc67bb0000 - 0x00007ffc67c21000 	C:\WINDOWS\System32\WS2_32.dll
0x00007ffc64100000 - 0x00007ffc64118000 	C:\WINDOWS\SYSTEM32\kernel.appcore.dll
0x00007ffc2a0a0000 - 0x00007ffc2a0b1000 	C:\Program Files\Android\Android Studio\jre\bin\verify.dll
0x00007ffc62aa0000 - 0x00007ffc62cce000 	C:\WINDOWS\SYSTEM32\DBGHELP.DLL
0x00007ffc65df0000 - 0x00007ffc66179000 	C:\WINDOWS\System32\combase.dll
0x00007ffc67460000 - 0x00007ffc67537000 	C:\WINDOWS\System32\OLEAUT32.dll
0x00007ffc42cc0000 - 0x00007ffc42cf2000 	C:\WINDOWS\SYSTEM32\dbgcore.DLL
0x00007ffc65820000 - 0x00007ffc6589b000 	C:\WINDOWS\System32\bcryptPrimitives.dll
0x00007ffc2a070000 - 0x00007ffc2a099000 	C:\Program Files\Android\Android Studio\jre\bin\java.dll
0x00007ffc262a0000 - 0x00007ffc262ab000 	C:\Program Files\Android\Android Studio\jre\bin\jimage.dll
0x00007ffc26280000 - 0x00007ffc26298000 	C:\Program Files\Android\Android Studio\jre\bin\zip.dll

dbghelp: loaded successfully - version: 4.0.5 - missing functions: none
symbol engine: initialized successfully - sym options: 0x614 - pdb path: .;C:\Program Files\Android\Android Studio\jre\bin;C:\WINDOWS\SYSTEM32;C:\WINDOWS\WinSxS\amd64_microsoft.windows.common-controls_6595b64144ccf1df_6.0.22621.608_none_a9444ca7c10bb01d;C:\Program Files\Android\Android Studio\jre\bin\server

VM Arguments:
java_command: git4idea.http.GitAskPassApp Username for 'https://github.com': 
java_class_path (initial): C:/Program Files/Android/Android Studio/plugins/git4idea/lib/git4idea-rt.jar;C:/Program Files/Android/Android Studio/lib/3rd-party.jar;C:/Program Files/Android/Android Studio/lib/3rd-party-rt.jar
Launcher Type: SUN_STANDARD

[Global flags]
     intx CICompilerCount                          = 4                                         {product} {ergonomic}
     uint ConcGCThreads                            = 2                                         {product} {ergonomic}
     uint G1ConcRefinementThreads                  = 8                                         {product} {ergonomic}
   size_t G1HeapRegionSize                         = 1048576                                   {product} {ergonomic}
    uintx GCDrainStackTargetSize                   = 64                                        {product} {ergonomic}
   size_t InitialHeapSize                          = 132120576                                 {product} {ergonomic}
   size_t MarkStackSize                            = 4194304                                   {product} {ergonomic}
   size_t MaxHeapSize                              = 2107637760                                {product} {ergonomic}
   size_t MinHeapDeltaBytes                        = 1048576                                   {product} {ergonomic}
    uintx NonNMethodCodeHeapSize                   = 5836300                                {pd product} {ergonomic}
    uintx NonProfiledCodeHeapSize                  = 122910970                              {pd product} {ergonomic}
    uintx ProfiledCodeHeapSize                     = 122910970                              {pd product} {ergonomic}
    uintx ReservedCodeCacheSize                    = 251658240                              {pd product} {ergonomic}
     bool SegmentedCodeCache                       = true                                      {product} {ergonomic}
     bool UseCompressedClassPointers               = true                                 {lp64_product} {ergonomic}
     bool UseCompressedOops                        = true                                 {lp64_product} {ergonomic}
     bool UseG1GC                                  = true                                      {product} {ergonomic}
     bool UseLargePagesIndividualAllocation        = false                                  {pd product} {ergonomic}

Logging:
Log output configuration:
 #0: stdout all=warning uptime,level,tags
 #1: stderr all=off uptime,level,tags

Environment Variables:
PATH=C:\Program Files\Git\mingw64\libexec\git-core;C:\Program Files\Git\mingw64\libexec\git-core;C:\Program Files\Git\mingw64\bin;C:\Program Files\Git\usr\bin;C:\Users\99894\bin;C:\WINDOWS\system32;C:\WINDOWS;C:\WINDOWS\System32\Wbem;C:\WINDOWS\System32\WindowsPowerShell\v1.0;C:\WINDOWS\System32\OpenSSH;C:\Program Files\Git\cmd;C:\Program Files (x86)\NVIDIA Corporation\PhysX\Common;C:\Program Files\NVIDIA Corporation\NVIDIA NvDLISR;C:\WINDOWS\system32;C:\WINDOWS;C:\WINDOWS\System32\Wbem;C:\WINDOWS\System32\WindowsPowerShell\v1.0;C:\WINDOWS\System32\OpenSSH;C:\Users\99894\AppData\Local\Microsoft\WindowsApps;D:\New folder\IntelliJ IDEA Community Edition 2022.3.1\bin
USERNAME=99894
DISPLAY=:0.0
LC_ALL=en_US.UTF-8
OS=Windows_NT
PROCESSOR_IDENTIFIER=Intel64 Family 6 Model 158 Stepping 10, GenuineIntel



---------------  S Y S T E M  ---------------

OS: Windows 11 , 64 bit Build 22621 (10.0.22621.1344)
OS uptime: 0 days 5:45 hours

CPU:total 8 (initial active 8) (4 cores per cpu, 2 threads per core) family 6 model 158 stepping 10 microcode 0xde, cmov, cx8, fxsr, mmx, sse, sse2, sse3, ssse3, sse4.1, sse4.2, popcnt, avx, avx2, aes, clmul, erms, 3dnowpref, lzcnt, ht, tsc, tscinvbit, bmi1, bmi2, adx, fma

Memory: 4k page, system-wide physical 8033M (413M free)
TotalPageFile size 15514M (AvailPageFile size 14M)
current process WorkingSet (physical memory assigned to process): 10M, peak: 10M
current process commit charge ("private bytes"): 60M, peak: 186M

vm_info: OpenJDK 64-Bit Server VM (11.0.13+0-b1751.21-8125866) for windows-amd64 JRE (11.0.13+0-b1751.21-8125866), built on Feb  2 2022 03:00:22 by "builder" with MS VC++ 14.0 (VS2015)

END.
